[2019-08-22 14:31:26,414][WARN ][main] spring.jpa.open-in-view is enabled by default. Therefore, database queries may be performed during view rendering. Explicitly configure spring.jpa.open-in-view to disable this warning (JpaBaseConfiguration.java:225)
[2019-08-22 14:31:55,796][WARN ][http-nio-80-exec-6] warn查询了学生信息 (UserController.java:34)
[2019-08-22 14:47:58,782][WARN ][main] spring.jpa.open-in-view is enabled by default. Therefore, database queries may be performed during view rendering. Explicitly configure spring.jpa.open-in-view to disable this warning (JpaBaseConfiguration.java:225)
[2019-08-22 14:48:06,299][WARN ][http-nio-80-exec-6] warn查询了学生信息 (UserController.java:34)
[2019-08-22 14:48:48,157][WARN ][main] spring.jpa.open-in-view is enabled by default. Therefore, database queries may be performed during view rendering. Explicitly configure spring.jpa.open-in-view to disable this warning (JpaBaseConfiguration.java:225)
[2019-08-22 14:48:56,273][WARN ][http-nio-80-exec-5] warn查询了学生信息 (UserController.java:34)
[2019-08-23 10:31:44,718][WARN ][main] Exception encountered during context initialization - cancelling refresh attempt: org.springframework.beans.factory.UnsatisfiedDependencyException: Error creating bean with name 'webWxController': Unsatisfied dependency expressed through field 'wxService'; nested exception is org.springframework.beans.factory.UnsatisfiedDependencyException: Error creating bean with name 'wxService': Unsatisfied dependency expressed through method 'QueryMenu' parameter 0; nested exception is org.springframework.beans.factory.NoSuchBeanDefinitionException: No qualifying bean of type 'com.ssmbase.basesic.model.WxMenu' available: expected at least 1 bean which qualifies as autowire candidate. Dependency annotations: {} (AbstractApplicationContext.java:557)
[2019-08-23 10:38:26,877][WARN ][main] spring.jpa.open-in-view is enabled by default. Therefore, database queries may be performed during view rendering. Explicitly configure spring.jpa.open-in-view to disable this warning (JpaBaseConfiguration.java:225)
[2019-08-23 10:43:26,256][WARN ][main] spring.jpa.open-in-view is enabled by default. Therefore, database queries may be performed during view rendering. Explicitly configure spring.jpa.open-in-view to disable this warning (JpaBaseConfiguration.java:225)
[2019-08-23 10:46:18,881][WARN ][main] spring.jpa.open-in-view is enabled by default. Therefore, database queries may be performed during view rendering. Explicitly configure spring.jpa.open-in-view to disable this warning (JpaBaseConfiguration.java:225)
[2019-08-23 10:47:07,709][WARN ][main] spring.jpa.open-in-view is enabled by default. Therefore, database queries may be performed during view rendering. Explicitly configure spring.jpa.open-in-view to disable this warning (JpaBaseConfiguration.java:225)
[2019-08-23 10:49:58,417][WARN ][main] spring.jpa.open-in-view is enabled by default. Therefore, database queries may be performed during view rendering. Explicitly configure spring.jpa.open-in-view to disable this warning (JpaBaseConfiguration.java:225)
[2019-08-23 14:43:05,254][WARN ][main] spring.jpa.open-in-view is enabled by default. Therefore, database queries may be performed during view rendering. Explicitly configure spring.jpa.open-in-view to disable this warning (JpaBaseConfiguration.java:225)
[2019-08-23 15:34:47,326][WARN ][main] spring.jpa.open-in-view is enabled by default. Therefore, database queries may be performed during view rendering. Explicitly configure spring.jpa.open-in-view to disable this warning (JpaBaseConfiguration.java:225)
[2019-08-23 15:40:40,715][WARN ][restartedMain] spring.jpa.open-in-view is enabled by default. Therefore, database queries may be performed during view rendering. Explicitly configure spring.jpa.open-in-view to disable this warning (JpaBaseConfiguration.java:225)
[2019-08-23 15:42:04,595][WARN ][http-nio-80-exec-1] Resolved [java.lang.NullPointerException] (AbstractHandlerExceptionResolver.java:198)
[2019-08-23 15:42:19,966][WARN ][http-nio-80-exec-3] Resolved [java.lang.NullPointerException] (AbstractHandlerExceptionResolver.java:198)
[2019-08-23 15:42:22,373][WARN ][http-nio-80-exec-4] Resolved [java.lang.NullPointerException] (AbstractHandlerExceptionResolver.java:198)
[2019-08-23 15:42:22,930][WARN ][http-nio-80-exec-5] Resolved [java.lang.NullPointerException] (AbstractHandlerExceptionResolver.java:198)
[2019-08-23 15:42:23,224][WARN ][http-nio-80-exec-7] Resolved [java.lang.NullPointerException] (AbstractHandlerExceptionResolver.java:198)
[2019-08-23 15:42:23,409][WARN ][http-nio-80-exec-8] Resolved [java.lang.NullPointerException] (AbstractHandlerExceptionResolver.java:198)
[2019-08-23 15:42:23,587][WARN ][http-nio-80-exec-9] Resolved [java.lang.NullPointerException] (AbstractHandlerExceptionResolver.java:198)
[2019-08-23 15:43:19,555][WARN ][http-nio-80-exec-5] Resolved [java.lang.NullPointerException] (AbstractHandlerExceptionResolver.java:198)
[2019-08-23 15:46:01,073][WARN ][restartedMain] spring.jpa.open-in-view is enabled by default. Therefore, database queries may be performed during view rendering. Explicitly configure spring.jpa.open-in-view to disable this warning (JpaBaseConfiguration.java:225)
[2019-08-23 15:46:45,731][WARN ][http-nio-80-exec-6] Resolved [java.lang.NullPointerException] (AbstractHandlerExceptionResolver.java:198)
[2019-08-23 15:51:15,895][WARN ][http-nio-80-exec-9] Resolved [java.lang.NullPointerException] (AbstractHandlerExceptionResolver.java:198)
[2019-08-23 15:51:51,310][WARN ][restartedMain] spring.jpa.open-in-view is enabled by default. Therefore, database queries may be performed during view rendering. Explicitly configure spring.jpa.open-in-view to disable this warning (JpaBaseConfiguration.java:225)
[2019-08-23 15:54:08,122][WARN ][restartedMain] spring.jpa.open-in-view is enabled by default. Therefore, database queries may be performed during view rendering. Explicitly configure spring.jpa.open-in-view to disable this warning (JpaBaseConfiguration.java:225)
[2019-08-23 15:54:33,003][WARN ][http-nio-80-exec-8] Resolved [java.lang.NullPointerException] (AbstractHandlerExceptionResolver.java:198)
[2019-08-23 15:59:58,157][WARN ][http-nio-80-exec-1] Resolved [java.lang.NullPointerException] (AbstractHandlerExceptionResolver.java:198)
[2019-08-23 16:07:30,237][WARN ][http-nio-80-exec-8] Resolved [java.lang.NullPointerException] (AbstractHandlerExceptionResolver.java:198)
